GROUP,PACKAGE,CLASS,INSTRUCTION_MISSED,INSTRUCTION_COVERED,BRANCH_MISSED,BRANCH_COVERED,LINE_MISSED,LINE_COVERED,COMPLEXITY_MISSED,COMPLEXITY_COVERED,METHOD_MISSED,METHOD_COVERED
patient,com.mediscreen.patient.config,WebConfig,0,38,0,0,0,10,0,3,0,3
patient,com.mediscreen.patient.common,LogInterceptor,0,33,0,0,0,4,0,3,0,3
patient,com.mediscreen.patient,PatientApplication,5,3,0,0,2,1,1,1,1,1
patient,com.mediscreen.patient.service,PatientService,9,69,0,0,3,16,1,7,1,7
patient,com.mediscreen.patient.controller,PatientController,15,146,0,0,2,48,1,7,1,7
patient,com.mediscreen.patient.advice,ExceptionControllerAdvice,0,49,0,0,0,12,0,5,0,5
patient,com.mediscreen.patient.dto,PatientDto,0,33,0,4,0,8,0,3,0,1
